[flashdeamond.com/index.html]
[backblue.gif]
[fade.gif]
[index.html]
[flashdeamond.com/2d686878402297.5ca6085aa8e1d.jpg]
[pagead2.googlesyndication.com/pagead/js/f4f63.txt]
[flashdeamond.com/home.html]
[flashdeamond.com/index.html]
[s3.tradingview.com/external-embedding/embed-widget-timeline.js]
[i.im.ge/2023/10/14/PcyAOq.BEST-TRANSACTION-GENERATOR.png]
[flashdeamond.com/css/app.css]
[cdnjs.cloudflare.com/ajax/libs/font-awesome/5.15.4/css/all.min.css]
[i.im.ge/2023/10/13/PAc3Z1.photo-2023-10-06-22-27-00.jpg]
[flashdeamond.com/login.html]
[flashdeamond.com/register.html]
[flashdeamond.com/js/app.js]
[cdnjs.cloudflare.com/ajax/libs/flowbite/1.6.6/flowbite.min.js]
[flashdeamond.com/home.html]
[flashdeamond.com/css/app.css]
[cdnjs.cloudflare.com/ajax/libs/font-awesome/5.15.4/css/all.min.css]
[flashdeamond.com/login.html]
[flashdeamond.com/register.html]
[widget.myalice.ai/index.js]
[cdnjs.cloudflare.com/ajax/libs/font-awesome/5.15.4/js/all.min.js]
